CRITICAL - 2021-04-30 14:23:52 --> default is not a valid database connection group.
#0 C:\wamp64\www\scbapps3\system\Model.php(111): CodeIgniter\Database\Config::connect('default')
#1 C:\wamp64\www\scbapps3\app\Controllers\Admin.php(12): CodeIgniter\Model->__construct()
#2 C:\wamp64\www\scbapps3\system\CodeIgniter.php(936): App\Controllers\Admin->index()
#3 C:\wamp64\www\scbapps3\system\CodeIgniter.php(432): CodeIgniter\CodeIgniter->runController(Object(App\Controllers\Admin))
#4 C:\wamp64\www\scbapps3\system\CodeIgniter.php(333): CodeIgniter\CodeIgniter->handleRequest(NULL, Object(Config\Cache), false)
#5 C:\wamp64\www\scbapps3\public\index.php(44): CodeIgniter\CodeIgniter->run()
#6 {main}
ERROR - 2021-04-30 14:24:22 --> mysqli_sql_exception: Not unique table/alias: 'role' in C:\wamp64\www\scbapps3\system\Database\MySQLi\Connection.php:314
Stack trace:
#0 C:\wamp64\www\scbapps3\system\Database\MySQLi\Connection.php(314): mysqli->query('SELECT `id`, `t...')
#1 C:\wamp64\www\scbapps3\system\Database\BaseConnection.php(713): CodeIgniter\Database\MySQLi\Connection->execute('SELECT `id`, `t...')
#2 C:\wamp64\www\scbapps3\system\Database\BaseConnection.php(641): CodeIgniter\Database\BaseConnection->simpleQuery('SELECT `id`, `t...')
#3 C:\wamp64\www\scbapps3\system\Database\BaseBuilder.php(1866): CodeIgniter\Database\BaseConnection->query('SELECT `id`, `t...', Array, false)
#4 C:\wamp64\www\scbapps3\app\Models\Admin_Model.php(15): CodeIgniter\Database\BaseBuilder->get()
#5 C:\wamp64\www\scbapps3\app\Controllers\Admin.php(13): App\Models\Admin_Model->getRole()
#6 C:\wamp64\www\scbapps3\system\CodeIgniter.php(936): App\Controllers\Admin->index()
#7 C:\wamp64\www\scbapps3\system\CodeIgniter.php(432): CodeIgniter\CodeIgniter->runController(Object(App\Controllers\Admin))
#8 C:\wamp64\www\scbapps3\system\CodeIgniter.php(333): CodeIgniter\CodeIgniter->handleRequest(NULL, Object(Config\Cache), false)
#9 C:\wamp64\www\scbapps3\public\index.php(44): CodeIgniter\CodeIgniter->run()
#10 {main}
CRITICAL - 2021-04-30 14:24:22 --> Not unique table/alias: 'role'
#0 C:\wamp64\www\scbapps3\system\Database\MySQLi\Connection.php(314): mysqli->query('SELECT `id`, `t...')
#1 C:\wamp64\www\scbapps3\system\Database\BaseConnection.php(713): CodeIgniter\Database\MySQLi\Connection->execute('SELECT `id`, `t...')
#2 C:\wamp64\www\scbapps3\system\Database\BaseConnection.php(641): CodeIgniter\Database\BaseConnection->simpleQuery('SELECT `id`, `t...')
#3 C:\wamp64\www\scbapps3\system\Database\BaseBuilder.php(1866): CodeIgniter\Database\BaseConnection->query('SELECT `id`, `t...', Array, false)
#4 C:\wamp64\www\scbapps3\app\Models\Admin_Model.php(15): CodeIgniter\Database\BaseBuilder->get()
#5 C:\wamp64\www\scbapps3\app\Controllers\Admin.php(13): App\Models\Admin_Model->getRole()
#6 C:\wamp64\www\scbapps3\system\CodeIgniter.php(936): App\Controllers\Admin->index()
#7 C:\wamp64\www\scbapps3\system\CodeIgniter.php(432): CodeIgniter\CodeIgniter->runController(Object(App\Controllers\Admin))
#8 C:\wamp64\www\scbapps3\system\CodeIgniter.php(333): CodeIgniter\CodeIgniter->handleRequest(NULL, Object(Config\Cache), false)
#9 C:\wamp64\www\scbapps3\public\index.php(44): CodeIgniter\CodeIgniter->run()
#10 {main}
