CRITICAL - 2021-05-13 12:28:55 --> Invalid argument supplied for foreach()
#0 C:\wamp64\www\scbapps3\app\Views\Admin\roleMembers.php(33): CodeIgniter\Debug\Exceptions->errorHandler(2, 'Invalid argumen...', 'C:\\wamp64\\www\\s...', 33, Array)
#1 C:\wamp64\www\scbapps3\system\View\View.php(220): include('C:\\wamp64\\www\\s...')
#2 C:\wamp64\www\scbapps3\system\View\View.php(222): CodeIgniter\View\View->CodeIgniter\View\{closure}()
#3 C:\wamp64\www\scbapps3\system\Common.php(1217): CodeIgniter\View\View->render('Admin/roleMembe...', Array, true)
#4 C:\wamp64\www\scbapps3\app\Controllers\Admin.php(34): view('Admin/roleMembe...', Array)
#5 C:\wamp64\www\scbapps3\system\CodeIgniter.php(936): App\Controllers\Admin->role('1')
#6 C:\wamp64\www\scbapps3\system\CodeIgniter.php(432): CodeIgniter\CodeIgniter->runController(Object(App\Controllers\Admin))
#7 C:\wamp64\www\scbapps3\system\CodeIgniter.php(333): CodeIgniter\CodeIgniter->handleRequest(NULL, Object(Config\Cache), false)
#8 C:\wamp64\www\scbapps3\public\index.php(44): CodeIgniter\CodeIgniter->run()
#9 {main}
CRITICAL - 2021-05-13 12:30:00 --> Invalid argument supplied for foreach()
#0 C:\wamp64\www\scbapps3\app\Views\Admin\roleMembers.php(33): CodeIgniter\Debug\Exceptions->errorHandler(2, 'Invalid argumen...', 'C:\\wamp64\\www\\s...', 33, Array)
#1 C:\wamp64\www\scbapps3\system\View\View.php(220): include('C:\\wamp64\\www\\s...')
#2 C:\wamp64\www\scbapps3\system\View\View.php(222): CodeIgniter\View\View->CodeIgniter\View\{closure}()
#3 C:\wamp64\www\scbapps3\system\Common.php(1217): CodeIgniter\View\View->render('Admin/roleMembe...', Array, true)
#4 C:\wamp64\www\scbapps3\app\Controllers\Admin.php(34): view('Admin/roleMembe...', Array)
#5 C:\wamp64\www\scbapps3\system\CodeIgniter.php(936): App\Controllers\Admin->role('1')
#6 C:\wamp64\www\scbapps3\system\CodeIgniter.php(432): CodeIgniter\CodeIgniter->runController(Object(App\Controllers\Admin))
#7 C:\wamp64\www\scbapps3\system\CodeIgniter.php(333): CodeIgniter\CodeIgniter->handleRequest(NULL, Object(Config\Cache), false)
#8 C:\wamp64\www\scbapps3\public\index.php(44): CodeIgniter\CodeIgniter->run()
#9 {main}
CRITICAL - 2021-05-13 12:56:53 --> Undefined property: CodeIgniter\View\View::$helper
#0 C:\wamp64\www\scbapps3\app\Views\Admin\index.php(30): CodeIgniter\Debug\Exceptions->errorHandler(8, 'Undefined prope...', 'C:\\wamp64\\www\\s...', 30, Array)
#1 C:\wamp64\www\scbapps3\system\View\View.php(220): include('C:\\wamp64\\www\\s...')
#2 C:\wamp64\www\scbapps3\system\View\View.php(222): CodeIgniter\View\View->CodeIgniter\View\{closure}()
#3 C:\wamp64\www\scbapps3\system\Common.php(1217): CodeIgniter\View\View->render('Admin/index', Array, true)
#4 C:\wamp64\www\scbapps3\app\Controllers\Admin.php(23): view('Admin/index', Array)
#5 C:\wamp64\www\scbapps3\system\CodeIgniter.php(936): App\Controllers\Admin->index()
#6 C:\wamp64\www\scbapps3\system\CodeIgniter.php(432): CodeIgniter\CodeIgniter->runController(Object(App\Controllers\Admin))
#7 C:\wamp64\www\scbapps3\system\CodeIgniter.php(333): CodeIgniter\CodeIgniter->handleRequest(NULL, Object(Config\Cache), false)
#8 C:\wamp64\www\scbapps3\public\index.php(44): CodeIgniter\CodeIgniter->run()
#9 {main}
CRITICAL - 2021-05-13 13:02:12 --> Call to undefined function displayIcon()
#0 C:\wamp64\www\scbapps3\system\View\View.php(220): include()
#1 C:\wamp64\www\scbapps3\system\View\View.php(222): CodeIgniter\View\View->CodeIgniter\View\{closure}()
#2 C:\wamp64\www\scbapps3\system\Common.php(1217): CodeIgniter\View\View->render('Admin/index', Array, true)
#3 C:\wamp64\www\scbapps3\app\Controllers\Admin.php(23): view('Admin/index', Array)
#4 C:\wamp64\www\scbapps3\system\CodeIgniter.php(936): App\Controllers\Admin->index()
#5 C:\wamp64\www\scbapps3\system\CodeIgniter.php(432): CodeIgniter\CodeIgniter->runController(Object(App\Controllers\Admin))
#6 C:\wamp64\www\scbapps3\system\CodeIgniter.php(333): CodeIgniter\CodeIgniter->handleRequest(NULL, Object(Config\Cache), false)
#7 C:\wamp64\www\scbapps3\public\index.php(44): CodeIgniter\CodeIgniter->run()
#8 {main}
