CRITICAL - 2021-05-04 14:38:34 --> Undefined variable: id
#0 C:\wamp64\www\scbapps3\app\Models\Security_Model.php(11): CodeIgniter\Debug\Exceptions->errorHandler(8, 'Undefined varia...', 'C:\\wamp64\\www\\s...', 11, Array)
#1 C:\wamp64\www\scbapps3\app\Controllers\Admin.php(14): App\Models\Security_Model->authorize(Array)
#2 C:\wamp64\www\scbapps3\system\CodeIgniter.php(908): App\Controllers\Admin->__construct()
#3 C:\wamp64\www\scbapps3\system\CodeIgniter.php(422): CodeIgniter\CodeIgniter->createController()
#4 C:\wamp64\www\scbapps3\system\CodeIgniter.php(333): CodeIgniter\CodeIgniter->handleRequest(NULL, Object(Config\Cache), false)
#5 C:\wamp64\www\scbapps3\public\index.php(44): CodeIgniter\CodeIgniter->run()
#6 {main}
CRITICAL - 2021-05-04 14:38:48 --> Undefined variable: id
#0 C:\wamp64\www\scbapps3\app\Models\Security_Model.php(11): CodeIgniter\Debug\Exceptions->errorHandler(8, 'Undefined varia...', 'C:\\wamp64\\www\\s...', 11, Array)
#1 C:\wamp64\www\scbapps3\app\Controllers\Admin.php(14): App\Models\Security_Model->authorize(Array)
#2 C:\wamp64\www\scbapps3\system\CodeIgniter.php(908): App\Controllers\Admin->__construct()
#3 C:\wamp64\www\scbapps3\system\CodeIgniter.php(422): CodeIgniter\CodeIgniter->createController()
#4 C:\wamp64\www\scbapps3\system\CodeIgniter.php(333): CodeIgniter\CodeIgniter->handleRequest(NULL, Object(Config\Cache), false)
#5 C:\wamp64\www\scbapps3\public\index.php(44): CodeIgniter\CodeIgniter->run()
#6 {main}
CRITICAL - 2021-05-04 14:39:38 --> Undefined variable: id
#0 C:\wamp64\www\scbapps3\app\Models\Security_Model.php(11): CodeIgniter\Debug\Exceptions->errorHandler(8, 'Undefined varia...', 'C:\\wamp64\\www\\s...', 11, Array)
#1 C:\wamp64\www\scbapps3\app\Controllers\Admin.php(14): App\Models\Security_Model->authorize(Array)
#2 C:\wamp64\www\scbapps3\system\CodeIgniter.php(908): App\Controllers\Admin->__construct()
#3 C:\wamp64\www\scbapps3\system\CodeIgniter.php(422): CodeIgniter\CodeIgniter->createController()
#4 C:\wamp64\www\scbapps3\system\CodeIgniter.php(333): CodeIgniter\CodeIgniter->handleRequest(NULL, Object(Config\Cache), false)
#5 C:\wamp64\www\scbapps3\public\index.php(44): CodeIgniter\CodeIgniter->run()
#6 {main}
CRITICAL - 2021-05-04 14:40:20 --> Constant expression contains invalid operations
#0 [internal function]: CodeIgniter\Debug\Exceptions->shutdownHandler()
#1 {main}
ERROR - 2021-05-04 14:41:10 --> mysqli_sql_exception: Unknown column 'roleId' in 'having clause' in C:\wamp64\www\scbapps3\system\Database\MySQLi\Connection.php:314
Stack trace:
#0 C:\wamp64\www\scbapps3\system\Database\MySQLi\Connection.php(314): mysqli->query('SELECT `id`, `r...')
#1 C:\wamp64\www\scbapps3\system\Database\BaseConnection.php(713): CodeIgniter\Database\MySQLi\Connection->execute('SELECT `id`, `r...')
#2 C:\wamp64\www\scbapps3\system\Database\BaseConnection.php(641): CodeIgniter\Database\BaseConnection->simpleQuery('SELECT `id`, `r...')
#3 C:\wamp64\www\scbapps3\system\Database\BaseBuilder.php(1866): CodeIgniter\Database\BaseConnection->query('SELECT `id`, `r...', Array, false)
#4 C:\wamp64\www\scbapps3\app\Models\Security_Model.php(13): CodeIgniter\Database\BaseBuilder->get()
#5 C:\wamp64\www\scbapps3\app\Controllers\Admin.php(14): App\Models\Security_Model->authorize(Array)
#6 C:\wamp64\www\scbapps3\system\CodeIgniter.php(908): App\Controllers\Admin->__construct()
#7 C:\wamp64\www\scbapps3\system\CodeIgniter.php(422): CodeIgniter\CodeIgniter->createController()
#8 C:\wamp64\www\scbapps3\system\CodeIgniter.php(333): CodeIgniter\CodeIgniter->handleRequest(NULL, Object(Config\Cache), false)
#9 C:\wamp64\www\scbapps3\public\index.php(44): CodeIgniter\CodeIgniter->run()
#10 {main}
CRITICAL - 2021-05-04 14:41:10 --> Unknown column 'roleId' in 'having clause'
#0 C:\wamp64\www\scbapps3\system\Database\MySQLi\Connection.php(314): mysqli->query('SELECT `id`, `r...')
#1 C:\wamp64\www\scbapps3\system\Database\BaseConnection.php(713): CodeIgniter\Database\MySQLi\Connection->execute('SELECT `id`, `r...')
#2 C:\wamp64\www\scbapps3\system\Database\BaseConnection.php(641): CodeIgniter\Database\BaseConnection->simpleQuery('SELECT `id`, `r...')
#3 C:\wamp64\www\scbapps3\system\Database\BaseBuilder.php(1866): CodeIgniter\Database\BaseConnection->query('SELECT `id`, `r...', Array, false)
#4 C:\wamp64\www\scbapps3\app\Models\Security_Model.php(13): CodeIgniter\Database\BaseBuilder->get()
#5 C:\wamp64\www\scbapps3\app\Controllers\Admin.php(14): App\Models\Security_Model->authorize(Array)
#6 C:\wamp64\www\scbapps3\system\CodeIgniter.php(908): App\Controllers\Admin->__construct()
#7 C:\wamp64\www\scbapps3\system\CodeIgniter.php(422): CodeIgniter\CodeIgniter->createController()
#8 C:\wamp64\www\scbapps3\system\CodeIgniter.php(333): CodeIgniter\CodeIgniter->handleRequest(NULL, Object(Config\Cache), false)
#9 C:\wamp64\www\scbapps3\public\index.php(44): CodeIgniter\CodeIgniter->run()
#10 {main}
ERROR - 2021-05-04 14:42:07 --> mysqli_sql_exception: Unknown column 'roleId' in 'having clause' in C:\wamp64\www\scbapps3\system\Database\MySQLi\Connection.php:314
Stack trace:
#0 C:\wamp64\www\scbapps3\system\Database\MySQLi\Connection.php(314): mysqli->query('SELECT `id`, `r...')
#1 C:\wamp64\www\scbapps3\system\Database\BaseConnection.php(713): CodeIgniter\Database\MySQLi\Connection->execute('SELECT `id`, `r...')
#2 C:\wamp64\www\scbapps3\system\Database\BaseConnection.php(641): CodeIgniter\Database\BaseConnection->simpleQuery('SELECT `id`, `r...')
#3 C:\wamp64\www\scbapps3\system\Database\BaseBuilder.php(1866): CodeIgniter\Database\BaseConnection->query('SELECT `id`, `r...', Array, false)
#4 C:\wamp64\www\scbapps3\app\Models\Security_Model.php(13): CodeIgniter\Database\BaseBuilder->get()
#5 C:\wamp64\www\scbapps3\app\Controllers\Admin.php(14): App\Models\Security_Model->authorize(Array, 'djb4763')
#6 C:\wamp64\www\scbapps3\system\CodeIgniter.php(908): App\Controllers\Admin->__construct()
#7 C:\wamp64\www\scbapps3\system\CodeIgniter.php(422): CodeIgniter\CodeIgniter->createController()
#8 C:\wamp64\www\scbapps3\system\CodeIgniter.php(333): CodeIgniter\CodeIgniter->handleRequest(NULL, Object(Config\Cache), false)
#9 C:\wamp64\www\scbapps3\public\index.php(44): CodeIgniter\CodeIgniter->run()
#10 {main}
CRITICAL - 2021-05-04 14:42:07 --> Unknown column 'roleId' in 'having clause'
#0 C:\wamp64\www\scbapps3\system\Database\MySQLi\Connection.php(314): mysqli->query('SELECT `id`, `r...')
#1 C:\wamp64\www\scbapps3\system\Database\BaseConnection.php(713): CodeIgniter\Database\MySQLi\Connection->execute('SELECT `id`, `r...')
#2 C:\wamp64\www\scbapps3\system\Database\BaseConnection.php(641): CodeIgniter\Database\BaseConnection->simpleQuery('SELECT `id`, `r...')
#3 C:\wamp64\www\scbapps3\system\Database\BaseBuilder.php(1866): CodeIgniter\Database\BaseConnection->query('SELECT `id`, `r...', Array, false)
#4 C:\wamp64\www\scbapps3\app\Models\Security_Model.php(13): CodeIgniter\Database\BaseBuilder->get()
#5 C:\wamp64\www\scbapps3\app\Controllers\Admin.php(14): App\Models\Security_Model->authorize(Array, 'djb4763')
#6 C:\wamp64\www\scbapps3\system\CodeIgniter.php(908): App\Controllers\Admin->__construct()
#7 C:\wamp64\www\scbapps3\system\CodeIgniter.php(422): CodeIgniter\CodeIgniter->createController()
#8 C:\wamp64\www\scbapps3\system\CodeIgniter.php(333): CodeIgniter\CodeIgniter->handleRequest(NULL, Object(Config\Cache), false)
#9 C:\wamp64\www\scbapps3\public\index.php(44): CodeIgniter\CodeIgniter->run()
#10 {main}
ERROR - 2021-05-04 14:42:37 --> mysqli_sql_exception: Unknown column 'roleId' in 'having clause' in C:\wamp64\www\scbapps3\system\Database\MySQLi\Connection.php:314
Stack trace:
#0 C:\wamp64\www\scbapps3\system\Database\MySQLi\Connection.php(314): mysqli->query('SELECT `id`, `r...')
#1 C:\wamp64\www\scbapps3\system\Database\BaseConnection.php(713): CodeIgniter\Database\MySQLi\Connection->execute('SELECT `id`, `r...')
#2 C:\wamp64\www\scbapps3\system\Database\BaseConnection.php(641): CodeIgniter\Database\BaseConnection->simpleQuery('SELECT `id`, `r...')
#3 C:\wamp64\www\scbapps3\system\Database\BaseBuilder.php(1866): CodeIgniter\Database\BaseConnection->query('SELECT `id`, `r...', Array, false)
#4 C:\wamp64\www\scbapps3\app\Models\Security_Model.php(13): CodeIgniter\Database\BaseBuilder->get()
#5 C:\wamp64\www\scbapps3\app\Controllers\Admin.php(14): App\Models\Security_Model->authorize(Array, 'djb4763')
#6 C:\wamp64\www\scbapps3\system\CodeIgniter.php(908): App\Controllers\Admin->__construct()
#7 C:\wamp64\www\scbapps3\system\CodeIgniter.php(422): CodeIgniter\CodeIgniter->createController()
#8 C:\wamp64\www\scbapps3\system\CodeIgniter.php(333): CodeIgniter\CodeIgniter->handleRequest(NULL, Object(Config\Cache), false)
#9 C:\wamp64\www\scbapps3\public\index.php(44): CodeIgniter\CodeIgniter->run()
#10 {main}
CRITICAL - 2021-05-04 14:42:37 --> Unknown column 'roleId' in 'having clause'
#0 C:\wamp64\www\scbapps3\system\Database\MySQLi\Connection.php(314): mysqli->query('SELECT `id`, `r...')
#1 C:\wamp64\www\scbapps3\system\Database\BaseConnection.php(713): CodeIgniter\Database\MySQLi\Connection->execute('SELECT `id`, `r...')
#2 C:\wamp64\www\scbapps3\system\Database\BaseConnection.php(641): CodeIgniter\Database\BaseConnection->simpleQuery('SELECT `id`, `r...')
#3 C:\wamp64\www\scbapps3\system\Database\BaseBuilder.php(1866): CodeIgniter\Database\BaseConnection->query('SELECT `id`, `r...', Array, false)
#4 C:\wamp64\www\scbapps3\app\Models\Security_Model.php(13): CodeIgniter\Database\BaseBuilder->get()
#5 C:\wamp64\www\scbapps3\app\Controllers\Admin.php(14): App\Models\Security_Model->authorize(Array, 'djb4763')
#6 C:\wamp64\www\scbapps3\system\CodeIgniter.php(908): App\Controllers\Admin->__construct()
#7 C:\wamp64\www\scbapps3\system\CodeIgniter.php(422): CodeIgniter\CodeIgniter->createController()
#8 C:\wamp64\www\scbapps3\system\CodeIgniter.php(333): CodeIgniter\CodeIgniter->handleRequest(NULL, Object(Config\Cache), false)
#9 C:\wamp64\www\scbapps3\public\index.php(44): CodeIgniter\CodeIgniter->run()
#10 {main}
ERROR - 2021-05-04 14:43:11 --> mysqli_sql_exception: Unknown column 'roleId' in 'having clause' in C:\wamp64\www\scbapps3\system\Database\MySQLi\Connection.php:314
Stack trace:
#0 C:\wamp64\www\scbapps3\system\Database\MySQLi\Connection.php(314): mysqli->query('SELECT `id`, `r...')
#1 C:\wamp64\www\scbapps3\system\Database\BaseConnection.php(713): CodeIgniter\Database\MySQLi\Connection->execute('SELECT `id`, `r...')
#2 C:\wamp64\www\scbapps3\system\Database\BaseConnection.php(641): CodeIgniter\Database\BaseConnection->simpleQuery('SELECT `id`, `r...')
#3 C:\wamp64\www\scbapps3\system\Database\BaseBuilder.php(1866): CodeIgniter\Database\BaseConnection->query('SELECT `id`, `r...', Array, false)
#4 C:\wamp64\www\scbapps3\app\Models\Security_Model.php(13): CodeIgniter\Database\BaseBuilder->get()
#5 C:\wamp64\www\scbapps3\app\Controllers\Admin.php(14): App\Models\Security_Model->authorize(Array, 'djb4763')
#6 C:\wamp64\www\scbapps3\system\CodeIgniter.php(908): App\Controllers\Admin->__construct()
#7 C:\wamp64\www\scbapps3\system\CodeIgniter.php(422): CodeIgniter\CodeIgniter->createController()
#8 C:\wamp64\www\scbapps3\system\CodeIgniter.php(333): CodeIgniter\CodeIgniter->handleRequest(NULL, Object(Config\Cache), false)
#9 C:\wamp64\www\scbapps3\public\index.php(44): CodeIgniter\CodeIgniter->run()
#10 {main}
CRITICAL - 2021-05-04 14:43:11 --> Unknown column 'roleId' in 'having clause'
#0 C:\wamp64\www\scbapps3\system\Database\MySQLi\Connection.php(314): mysqli->query('SELECT `id`, `r...')
#1 C:\wamp64\www\scbapps3\system\Database\BaseConnection.php(713): CodeIgniter\Database\MySQLi\Connection->execute('SELECT `id`, `r...')
#2 C:\wamp64\www\scbapps3\system\Database\BaseConnection.php(641): CodeIgniter\Database\BaseConnection->simpleQuery('SELECT `id`, `r...')
#3 C:\wamp64\www\scbapps3\system\Database\BaseBuilder.php(1866): CodeIgniter\Database\BaseConnection->query('SELECT `id`, `r...', Array, false)
#4 C:\wamp64\www\scbapps3\app\Models\Security_Model.php(13): CodeIgniter\Database\BaseBuilder->get()
#5 C:\wamp64\www\scbapps3\app\Controllers\Admin.php(14): App\Models\Security_Model->authorize(Array, 'djb4763')
#6 C:\wamp64\www\scbapps3\system\CodeIgniter.php(908): App\Controllers\Admin->__construct()
#7 C:\wamp64\www\scbapps3\system\CodeIgniter.php(422): CodeIgniter\CodeIgniter->createController()
#8 C:\wamp64\www\scbapps3\system\CodeIgniter.php(333): CodeIgniter\CodeIgniter->handleRequest(NULL, Object(Config\Cache), false)
#9 C:\wamp64\www\scbapps3\public\index.php(44): CodeIgniter\CodeIgniter->run()
#10 {main}
