CRITICAL - 2021-05-14 13:36:54 --> You must set the database table to be used with your query.
#0 C:\wamp64\www\scbapps3\system\Model.php(615): CodeIgniter\Database\BaseConnection->table(NULL)
#1 C:\wamp64\www\scbapps3\system\Model.php(834): CodeIgniter\Model->builder()
#2 C:\wamp64\www\scbapps3\app\Controllers\Admin.php(44): CodeIgniter\Model->__call('deleteRoleMembe...', Array)
#3 C:\wamp64\www\scbapps3\system\CodeIgniter.php(936): App\Controllers\Admin->roleMemberDelete()
#4 C:\wamp64\www\scbapps3\system\CodeIgniter.php(432): CodeIgniter\CodeIgniter->runController(Object(App\Controllers\Admin))
#5 C:\wamp64\www\scbapps3\system\CodeIgniter.php(333): CodeIgniter\CodeIgniter->handleRequest(NULL, Object(Config\Cache), false)
#6 C:\wamp64\www\scbapps3\public\index.php(44): CodeIgniter\CodeIgniter->run()
#7 {main}
CRITICAL - 2021-05-14 13:39:38 --> You must set the database table to be used with your query.
#0 C:\wamp64\www\scbapps3\system\Model.php(615): CodeIgniter\Database\BaseConnection->table(NULL)
#1 C:\wamp64\www\scbapps3\system\Model.php(834): CodeIgniter\Model->builder()
#2 C:\wamp64\www\scbapps3\app\Controllers\Admin.php(44): CodeIgniter\Model->__call('deleteRoleMembe...', Array)
#3 C:\wamp64\www\scbapps3\system\CodeIgniter.php(936): App\Controllers\Admin->roleMemberDelete()
#4 C:\wamp64\www\scbapps3\system\CodeIgniter.php(432): CodeIgniter\CodeIgniter->runController(Object(App\Controllers\Admin))
#5 C:\wamp64\www\scbapps3\system\CodeIgniter.php(333): CodeIgniter\CodeIgniter->handleRequest(NULL, Object(Config\Cache), false)
#6 C:\wamp64\www\scbapps3\public\index.php(44): CodeIgniter\CodeIgniter->run()
#7 {main}
CRITICAL - 2021-05-14 13:43:27 --> You must set the database table to be used with your query.
#0 C:\wamp64\www\scbapps3\system\Model.php(615): CodeIgniter\Database\BaseConnection->table(NULL)
#1 C:\wamp64\www\scbapps3\system\Model.php(834): CodeIgniter\Model->builder()
#2 C:\wamp64\www\scbapps3\app\Controllers\Admin.php(44): CodeIgniter\Model->__call('deleteRoleMembe...', Array)
#3 C:\wamp64\www\scbapps3\system\CodeIgniter.php(936): App\Controllers\Admin->roleMemberDelete()
#4 C:\wamp64\www\scbapps3\system\CodeIgniter.php(432): CodeIgniter\CodeIgniter->runController(Object(App\Controllers\Admin))
#5 C:\wamp64\www\scbapps3\system\CodeIgniter.php(333): CodeIgniter\CodeIgniter->handleRequest(NULL, Object(Config\Cache), false)
#6 C:\wamp64\www\scbapps3\public\index.php(44): CodeIgniter\CodeIgniter->run()
#7 {main}
CRITICAL - 2021-05-14 13:45:02 --> You must set the database table to be used with your query.
#0 C:\wamp64\www\scbapps3\system\Model.php(615): CodeIgniter\Database\BaseConnection->table(NULL)
#1 C:\wamp64\www\scbapps3\system\Model.php(834): CodeIgniter\Model->builder()
#2 C:\wamp64\www\scbapps3\app\Controllers\Admin.php(44): CodeIgniter\Model->__call('deleteRoleMembe...', Array)
#3 C:\wamp64\www\scbapps3\system\CodeIgniter.php(936): App\Controllers\Admin->roleMemberDelete()
#4 C:\wamp64\www\scbapps3\system\CodeIgniter.php(432): CodeIgniter\CodeIgniter->runController(Object(App\Controllers\Admin))
#5 C:\wamp64\www\scbapps3\system\CodeIgniter.php(333): CodeIgniter\CodeIgniter->handleRequest(NULL, Object(Config\Cache), false)
#6 C:\wamp64\www\scbapps3\public\index.php(44): CodeIgniter\CodeIgniter->run()
#7 {main}
CRITICAL - 2021-05-14 13:46:06 --> You must set the database table to be used with your query.
#0 C:\wamp64\www\scbapps3\system\Model.php(615): CodeIgniter\Database\BaseConnection->table(NULL)
#1 C:\wamp64\www\scbapps3\system\Model.php(834): CodeIgniter\Model->builder()
#2 C:\wamp64\www\scbapps3\app\Controllers\Admin.php(44): CodeIgniter\Model->__call('deleteRoleMembe...', Array)
#3 C:\wamp64\www\scbapps3\system\CodeIgniter.php(936): App\Controllers\Admin->roleMemberDelete()
#4 C:\wamp64\www\scbapps3\system\CodeIgniter.php(432): CodeIgniter\CodeIgniter->runController(Object(App\Controllers\Admin))
#5 C:\wamp64\www\scbapps3\system\CodeIgniter.php(333): CodeIgniter\CodeIgniter->handleRequest(NULL, Object(Config\Cache), false)
#6 C:\wamp64\www\scbapps3\public\index.php(44): CodeIgniter\CodeIgniter->run()
#7 {main}
ERROR - 2021-05-14 14:24:18 --> mysqli_sql_exception: Unknown column 'roldId' in 'field list' in C:\wamp64\www\scbapps3\system\Database\MySQLi\Connection.php:314
Stack trace:
#0 C:\wamp64\www\scbapps3\system\Database\MySQLi\Connection.php(314): mysqli->query('INSERT INTO `ro...')
#1 C:\wamp64\www\scbapps3\system\Database\BaseConnection.php(713): CodeIgniter\Database\MySQLi\Connection->execute('INSERT INTO `ro...')
#2 C:\wamp64\www\scbapps3\system\Database\BaseConnection.php(641): CodeIgniter\Database\BaseConnection->simpleQuery('INSERT INTO `ro...')
#3 C:\wamp64\www\scbapps3\system\Database\BaseBuilder.php(2263): CodeIgniter\Database\BaseConnection->query('INSERT INTO `ro...', Array, false)
#4 C:\wamp64\www\scbapps3\app\Models\Admin_Model.php(36): CodeIgniter\Database\BaseBuilder->insert(Array)
#5 C:\wamp64\www\scbapps3\app\Controllers\Admin.php(62): App\Models\Admin_Model->roleMemberAdd('mfabbu', '1')
#6 C:\wamp64\www\scbapps3\system\CodeIgniter.php(936): App\Controllers\Admin->roles_member_add()
#7 C:\wamp64\www\scbapps3\system\CodeIgniter.php(432): CodeIgniter\CodeIgniter->runController(Object(App\Controllers\Admin))
#8 C:\wamp64\www\scbapps3\system\CodeIgniter.php(333): CodeIgniter\CodeIgniter->handleRequest(NULL, Object(Config\Cache), false)
#9 C:\wamp64\www\scbapps3\public\index.php(44): CodeIgniter\CodeIgniter->run()
#10 {main}
CRITICAL - 2021-05-14 14:24:18 --> Unknown column 'roldId' in 'field list'
#0 C:\wamp64\www\scbapps3\system\Database\MySQLi\Connection.php(314): mysqli->query('INSERT INTO `ro...')
#1 C:\wamp64\www\scbapps3\system\Database\BaseConnection.php(713): CodeIgniter\Database\MySQLi\Connection->execute('INSERT INTO `ro...')
#2 C:\wamp64\www\scbapps3\system\Database\BaseConnection.php(641): CodeIgniter\Database\BaseConnection->simpleQuery('INSERT INTO `ro...')
#3 C:\wamp64\www\scbapps3\system\Database\BaseBuilder.php(2263): CodeIgniter\Database\BaseConnection->query('INSERT INTO `ro...', Array, false)
#4 C:\wamp64\www\scbapps3\app\Models\Admin_Model.php(36): CodeIgniter\Database\BaseBuilder->insert(Array)
#5 C:\wamp64\www\scbapps3\app\Controllers\Admin.php(62): App\Models\Admin_Model->roleMemberAdd('mfabbu', '1')
#6 C:\wamp64\www\scbapps3\system\CodeIgniter.php(936): App\Controllers\Admin->roles_member_add()
#7 C:\wamp64\www\scbapps3\system\CodeIgniter.php(432): CodeIgniter\CodeIgniter->runController(Object(App\Controllers\Admin))
#8 C:\wamp64\www\scbapps3\system\CodeIgniter.php(333): CodeIgniter\CodeIgniter->handleRequest(NULL, Object(Config\Cache), false)
#9 C:\wamp64\www\scbapps3\public\index.php(44): CodeIgniter\CodeIgniter->run()
#10 {main}
CRITICAL - 2021-05-14 14:39:11 --> Undefined variable: members
#0 C:\wamp64\www\scbapps3\app\Views\Admin\Roles\roles_members.php(75): CodeIgniter\Debug\Exceptions->errorHandler(8, 'Undefined varia...', 'C:\\wamp64\\www\\s...', 75, Array)
#1 C:\wamp64\www\scbapps3\system\View\View.php(220): include('C:\\wamp64\\www\\s...')
#2 C:\wamp64\www\scbapps3\system\View\View.php(222): CodeIgniter\View\View->CodeIgniter\View\{closure}()
#3 C:\wamp64\www\scbapps3\system\Common.php(1217): CodeIgniter\View\View->render('Admin/Roles/rol...', Array, true)
#4 C:\wamp64\www\scbapps3\app\Controllers\Admin.php(44): view('Admin/Roles/rol...', Array)
#5 C:\wamp64\www\scbapps3\system\CodeIgniter.php(936): App\Controllers\Admin->roles_edit('1')
#6 C:\wamp64\www\scbapps3\system\CodeIgniter.php(432): CodeIgniter\CodeIgniter->runController(Object(App\Controllers\Admin))
#7 C:\wamp64\www\scbapps3\system\CodeIgniter.php(333): CodeIgniter\CodeIgniter->handleRequest(NULL, Object(Config\Cache), false)
#8 C:\wamp64\www\scbapps3\public\index.php(44): CodeIgniter\CodeIgniter->run()
#9 {main}
CRITICAL - 2021-05-14 14:42:58 --> Trying to get property 'ritComputerAcct' of non-object
#0 C:\wamp64\www\scbapps3\app\Views\Admin\Roles\roles_members.php(57): CodeIgniter\Debug\Exceptions->errorHandler(8, 'Trying to get p...', 'C:\\wamp64\\www\\s...', 57, Array)
#1 C:\wamp64\www\scbapps3\system\View\View.php(220): include('C:\\wamp64\\www\\s...')
#2 C:\wamp64\www\scbapps3\system\View\View.php(222): CodeIgniter\View\View->CodeIgniter\View\{closure}()
#3 C:\wamp64\www\scbapps3\system\Common.php(1217): CodeIgniter\View\View->render('Admin/Roles/rol...', Array, true)
#4 C:\wamp64\www\scbapps3\app\Controllers\Admin.php(59): view('Admin/Roles/rol...', Array)
#5 C:\wamp64\www\scbapps3\system\CodeIgniter.php(936): App\Controllers\Admin->roles_edit('1')
#6 C:\wamp64\www\scbapps3\system\CodeIgniter.php(432): CodeIgniter\CodeIgniter->runController(Object(App\Controllers\Admin))
#7 C:\wamp64\www\scbapps3\system\CodeIgniter.php(333): CodeIgniter\CodeIgniter->handleRequest(NULL, Object(Config\Cache), false)
#8 C:\wamp64\www\scbapps3\public\index.php(44): CodeIgniter\CodeIgniter->run()
#9 {main}
CRITICAL - 2021-05-14 14:43:39 --> Array to string conversion
#0 C:\wamp64\www\scbapps3\app\Views\Admin\Roles\roles_members.php(57): CodeIgniter\Debug\Exceptions->errorHandler(8, 'Array to string...', 'C:\\wamp64\\www\\s...', 57, Array)
#1 C:\wamp64\www\scbapps3\system\View\View.php(220): include('C:\\wamp64\\www\\s...')
#2 C:\wamp64\www\scbapps3\system\View\View.php(222): CodeIgniter\View\View->CodeIgniter\View\{closure}()
#3 C:\wamp64\www\scbapps3\system\Common.php(1217): CodeIgniter\View\View->render('Admin/Roles/rol...', Array, true)
#4 C:\wamp64\www\scbapps3\app\Controllers\Admin.php(59): view('Admin/Roles/rol...', Array)
#5 C:\wamp64\www\scbapps3\system\CodeIgniter.php(936): App\Controllers\Admin->roles_edit('1')
#6 C:\wamp64\www\scbapps3\system\CodeIgniter.php(432): CodeIgniter\CodeIgniter->runController(Object(App\Controllers\Admin))
#7 C:\wamp64\www\scbapps3\system\CodeIgniter.php(333): CodeIgniter\CodeIgniter->handleRequest(NULL, Object(Config\Cache), false)
#8 C:\wamp64\www\scbapps3\public\index.php(44): CodeIgniter\CodeIgniter->run()
#9 {main}
CRITICAL - 2021-05-14 14:43:48 --> Trying to get property 'id' of non-object
#0 C:\wamp64\www\scbapps3\app\Views\Admin\Roles\roles_members.php(59): CodeIgniter\Debug\Exceptions->errorHandler(8, 'Trying to get p...', 'C:\\wamp64\\www\\s...', 59, Array)
#1 C:\wamp64\www\scbapps3\system\View\View.php(220): include('C:\\wamp64\\www\\s...')
#2 C:\wamp64\www\scbapps3\system\View\View.php(222): CodeIgniter\View\View->CodeIgniter\View\{closure}()
#3 C:\wamp64\www\scbapps3\system\Common.php(1217): CodeIgniter\View\View->render('Admin/Roles/rol...', Array, true)
#4 C:\wamp64\www\scbapps3\app\Controllers\Admin.php(59): view('Admin/Roles/rol...', Array)
#5 C:\wamp64\www\scbapps3\system\CodeIgniter.php(936): App\Controllers\Admin->roles_edit('1')
#6 C:\wamp64\www\scbapps3\system\CodeIgniter.php(432): CodeIgniter\CodeIgniter->runController(Object(App\Controllers\Admin))
#7 C:\wamp64\www\scbapps3\system\CodeIgniter.php(333): CodeIgniter\CodeIgniter->handleRequest(NULL, Object(Config\Cache), false)
#8 C:\wamp64\www\scbapps3\public\index.php(44): CodeIgniter\CodeIgniter->run()
#9 {main}
