ERROR - 2024-02-08 12:42:31 --> Error connecting to the database: Call to undefined function CodeIgniter\Database\SQLSRV\sqlsrv_configure()
CRITICAL - 2024-02-08 12:42:31 --> Unable to connect to the database.
Main connection [SQLSRV]: Call to undefined function CodeIgniter\Database\SQLSRV\sqlsrv_configure()
#0 C:\laragon\www\labs3\system\Database\BaseConnection.php(577): CodeIgniter\Database\BaseConnection->initialize()
#1 C:\laragon\www\labs3\system\Database\BaseBuilder.php(1588): CodeIgniter\Database\BaseConnection->query('SELECT *\nFROM "...', Array, false)
#2 C:\laragon\www\labs3\app\Models\ExchangeModel.php(19): CodeIgniter\Database\BaseBuilder->getWhere(Array)
#3 C:\laragon\www\labs3\app\Views\Home\index.php(22): App\Models\ExchangeModel->GetFriendlyName(3)
#4 C:\laragon\www\labs3\system\View\View.php(210): include('C:\\laragon\\www\\...')
#5 C:\laragon\www\labs3\system\View\View.php(213): CodeIgniter\View\View->CodeIgniter\View\{closure}()
#6 C:\laragon\www\labs3\system\Common.php(1089): CodeIgniter\View\View->render('Home/index', Array, true)
#7 C:\laragon\www\labs3\app\Controllers\Home.php(18): view('Home/index', Array)
#8 C:\laragon\www\labs3\system\CodeIgniter.php(825): App\Controllers\Home->index()
#9 C:\laragon\www\labs3\system\CodeIgniter.php(412): CodeIgniter\CodeIgniter->runController(Object(App\Controllers\Home))
#10 C:\laragon\www\labs3\system\CodeIgniter.php(320): CodeIgniter\CodeIgniter->handleRequest(NULL, Object(Config\Cache), false)
#11 C:\laragon\www\labs3\public\index.php(44): CodeIgniter\CodeIgniter->run()
#12 {main}
ERROR - 2024-02-08 12:42:44 --> Error connecting to the database: Call to undefined function CodeIgniter\Database\SQLSRV\sqlsrv_configure()
CRITICAL - 2024-02-08 12:42:44 --> Unable to connect to the database.
Main connection [SQLSRV]: Call to undefined function CodeIgniter\Database\SQLSRV\sqlsrv_configure()
#0 C:\laragon\www\labs3\system\Database\BaseConnection.php(577): CodeIgniter\Database\BaseConnection->initialize()
#1 C:\laragon\www\labs3\system\Database\BaseBuilder.php(1588): CodeIgniter\Database\BaseConnection->query('SELECT *\nFROM "...', Array, false)
#2 C:\laragon\www\labs3\app\Models\ExchangeModel.php(19): CodeIgniter\Database\BaseBuilder->getWhere(Array)
#3 C:\laragon\www\labs3\app\Views\Home\index.php(22): App\Models\ExchangeModel->GetFriendlyName(3)
#4 C:\laragon\www\labs3\system\View\View.php(210): include('C:\\laragon\\www\\...')
#5 C:\laragon\www\labs3\system\View\View.php(213): CodeIgniter\View\View->CodeIgniter\View\{closure}()
#6 C:\laragon\www\labs3\system\Common.php(1089): CodeIgniter\View\View->render('Home/index', Array, true)
#7 C:\laragon\www\labs3\app\Controllers\Home.php(18): view('Home/index', Array)
#8 C:\laragon\www\labs3\system\CodeIgniter.php(825): App\Controllers\Home->index()
#9 C:\laragon\www\labs3\system\CodeIgniter.php(412): CodeIgniter\CodeIgniter->runController(Object(App\Controllers\Home))
#10 C:\laragon\www\labs3\system\CodeIgniter.php(320): CodeIgniter\CodeIgniter->handleRequest(NULL, Object(Config\Cache), false)
#11 C:\laragon\www\labs3\public\index.php(44): CodeIgniter\CodeIgniter->run()
#12 {main}
ERROR - 2024-02-08 12:43:51 --> Error connecting to the database: Call to undefined function CodeIgniter\Database\SQLSRV\sqlsrv_configure()
CRITICAL - 2024-02-08 12:43:51 --> Unable to connect to the database.
Main connection [SQLSRV]: Call to undefined function CodeIgniter\Database\SQLSRV\sqlsrv_configure()
#0 C:\laragon\www\labs3\system\Database\BaseConnection.php(577): CodeIgniter\Database\BaseConnection->initialize()
#1 C:\laragon\www\labs3\system\Database\BaseBuilder.php(1588): CodeIgniter\Database\BaseConnection->query('SELECT *\nFROM "...', Array, false)
#2 C:\laragon\www\labs3\app\Models\ExchangeModel.php(19): CodeIgniter\Database\BaseBuilder->getWhere(Array)
#3 C:\laragon\www\labs3\app\Views\Home\index.php(22): App\Models\ExchangeModel->GetFriendlyName(3)
#4 C:\laragon\www\labs3\system\View\View.php(210): include('C:\\laragon\\www\\...')
#5 C:\laragon\www\labs3\system\View\View.php(213): CodeIgniter\View\View->CodeIgniter\View\{closure}()
#6 C:\laragon\www\labs3\system\Common.php(1089): CodeIgniter\View\View->render('Home/index', Array, true)
#7 C:\laragon\www\labs3\app\Controllers\Home.php(18): view('Home/index', Array)
#8 C:\laragon\www\labs3\system\CodeIgniter.php(825): App\Controllers\Home->index()
#9 C:\laragon\www\labs3\system\CodeIgniter.php(412): CodeIgniter\CodeIgniter->runController(Object(App\Controllers\Home))
#10 C:\laragon\www\labs3\system\CodeIgniter.php(320): CodeIgniter\CodeIgniter->handleRequest(NULL, Object(Config\Cache), false)
#11 C:\laragon\www\labs3\public\index.php(44): CodeIgniter\CodeIgniter->run()
#12 {main}
ERROR - 2024-02-08 13:05:12 --> Error connecting to the database: Call to undefined function CodeIgniter\Database\SQLSRV\sqlsrv_configure()
CRITICAL - 2024-02-08 13:05:12 --> Unable to connect to the database.
Main connection [SQLSRV]: Call to undefined function CodeIgniter\Database\SQLSRV\sqlsrv_configure()
#0 C:\laragon\www\labs3\system\Database\BaseConnection.php(577): CodeIgniter\Database\BaseConnection->initialize()
#1 C:\laragon\www\labs3\system\Database\BaseBuilder.php(1588): CodeIgniter\Database\BaseConnection->query('SELECT *\nFROM "...', Array, false)
#2 C:\laragon\www\labs3\app\Models\ExchangeModel.php(19): CodeIgniter\Database\BaseBuilder->getWhere(Array)
#3 C:\laragon\www\labs3\app\Views\Home\index.php(22): App\Models\ExchangeModel->GetFriendlyName(3)
#4 C:\laragon\www\labs3\system\View\View.php(210): include('C:\\laragon\\www\\...')
#5 C:\laragon\www\labs3\system\View\View.php(213): CodeIgniter\View\View->CodeIgniter\View\{closure}()
#6 C:\laragon\www\labs3\system\Common.php(1089): CodeIgniter\View\View->render('Home/index', Array, true)
#7 C:\laragon\www\labs3\app\Controllers\Home.php(18): view('Home/index', Array)
#8 C:\laragon\www\labs3\system\CodeIgniter.php(825): App\Controllers\Home->index()
#9 C:\laragon\www\labs3\system\CodeIgniter.php(412): CodeIgniter\CodeIgniter->runController(Object(App\Controllers\Home))
#10 C:\laragon\www\labs3\system\CodeIgniter.php(320): CodeIgniter\CodeIgniter->handleRequest(NULL, Object(Config\Cache), false)
#11 C:\laragon\www\labs3\public\index.php(44): CodeIgniter\CodeIgniter->run()
#12 {main}
ERROR - 2024-02-08 13:20:32 --> Error connecting to the database: Call to undefined function CodeIgniter\Database\SQLSRV\sqlsrv_configure()
CRITICAL - 2024-02-08 13:20:32 --> Unable to connect to the database.
Main connection [SQLSRV]: Call to undefined function CodeIgniter\Database\SQLSRV\sqlsrv_configure()
#0 C:\laragon\www\labs3\system\Database\BaseConnection.php(577): CodeIgniter\Database\BaseConnection->initialize()
#1 C:\laragon\www\labs3\system\Database\BaseBuilder.php(1588): CodeIgniter\Database\BaseConnection->query('SELECT *\nFROM "...', Array, false)
#2 C:\laragon\www\labs3\app\Models\ExchangeModel.php(19): CodeIgniter\Database\BaseBuilder->getWhere(Array)
#3 C:\laragon\www\labs3\app\Views\Home\classDashboard.php(20): App\Models\ExchangeModel->GetFriendlyName(14)
#4 C:\laragon\www\labs3\system\View\View.php(210): include('C:\\laragon\\www\\...')
#5 C:\laragon\www\labs3\system\View\View.php(213): CodeIgniter\View\View->CodeIgniter\View\{closure}()
#6 C:\laragon\www\labs3\system\Common.php(1089): CodeIgniter\View\View->render('Home/classDashb...', Array, true)
#7 C:\laragon\www\labs3\app\Controllers\Home.php(30): view('Home/classDashb...', Array)
#8 C:\laragon\www\labs3\system\CodeIgniter.php(825): App\Controllers\Home->classDash()
#9 C:\laragon\www\labs3\system\CodeIgniter.php(412): CodeIgniter\CodeIgniter->runController(Object(App\Controllers\Home))
#10 C:\laragon\www\labs3\system\CodeIgniter.php(320): CodeIgniter\CodeIgniter->handleRequest(NULL, Object(Config\Cache), false)
#11 C:\laragon\www\labs3\public\index.php(44): CodeIgniter\CodeIgniter->run()
#12 {main}
ERROR - 2024-02-08 13:28:43 --> Error connecting to the database: Call to undefined function CodeIgniter\Database\SQLSRV\sqlsrv_configure()
CRITICAL - 2024-02-08 13:28:43 --> Unable to connect to the database.
Main connection [SQLSRV]: Call to undefined function CodeIgniter\Database\SQLSRV\sqlsrv_configure()
#0 C:\laragon\www\labs3\system\Database\BaseConnection.php(577): CodeIgniter\Database\BaseConnection->initialize()
#1 C:\laragon\www\labs3\system\Database\BaseBuilder.php(1588): CodeIgniter\Database\BaseConnection->query('SELECT *\nFROM "...', Array, false)
#2 C:\laragon\www\labs3\app\Models\ExchangeModel.php(19): CodeIgniter\Database\BaseBuilder->getWhere(Array)
#3 C:\laragon\www\labs3\app\Views\Home\classDashboard.php(20): App\Models\ExchangeModel->GetFriendlyName(14)
#4 C:\laragon\www\labs3\system\View\View.php(210): include('C:\\laragon\\www\\...')
#5 C:\laragon\www\labs3\system\View\View.php(213): CodeIgniter\View\View->CodeIgniter\View\{closure}()
#6 C:\laragon\www\labs3\system\Common.php(1089): CodeIgniter\View\View->render('Home/classDashb...', Array, true)
#7 C:\laragon\www\labs3\app\Controllers\Home.php(30): view('Home/classDashb...', Array)
#8 C:\laragon\www\labs3\system\CodeIgniter.php(825): App\Controllers\Home->classDash()
#9 C:\laragon\www\labs3\system\CodeIgniter.php(412): CodeIgniter\CodeIgniter->runController(Object(App\Controllers\Home))
#10 C:\laragon\www\labs3\system\CodeIgniter.php(320): CodeIgniter\CodeIgniter->handleRequest(NULL, Object(Config\Cache), false)
#11 C:\laragon\www\labs3\public\index.php(44): CodeIgniter\CodeIgniter->run()
#12 {main}
ERROR - 2024-02-08 13:29:17 --> Error connecting to the database: Call to undefined function CodeIgniter\Database\SQLSRV\sqlsrv_configure()
CRITICAL - 2024-02-08 13:29:17 --> Unable to connect to the database.
Main connection [SQLSRV]: Call to undefined function CodeIgniter\Database\SQLSRV\sqlsrv_configure()
#0 C:\laragon\www\labs3\system\Database\BaseConnection.php(577): CodeIgniter\Database\BaseConnection->initialize()
#1 C:\laragon\www\labs3\system\Database\BaseBuilder.php(1588): CodeIgniter\Database\BaseConnection->query('SELECT *\nFROM "...', Array, false)
#2 C:\laragon\www\labs3\app\Models\ExchangeModel.php(19): CodeIgniter\Database\BaseBuilder->getWhere(Array)
#3 C:\laragon\www\labs3\app\Views\Home\classDashboard.php(20): App\Models\ExchangeModel->GetFriendlyName(14)
#4 C:\laragon\www\labs3\system\View\View.php(210): include('C:\\laragon\\www\\...')
#5 C:\laragon\www\labs3\system\View\View.php(213): CodeIgniter\View\View->CodeIgniter\View\{closure}()
#6 C:\laragon\www\labs3\system\Common.php(1089): CodeIgniter\View\View->render('Home/classDashb...', Array, true)
#7 C:\laragon\www\labs3\app\Controllers\Home.php(30): view('Home/classDashb...', Array)
#8 C:\laragon\www\labs3\system\CodeIgniter.php(825): App\Controllers\Home->classDash()
#9 C:\laragon\www\labs3\system\CodeIgniter.php(412): CodeIgniter\CodeIgniter->runController(Object(App\Controllers\Home))
#10 C:\laragon\www\labs3\system\CodeIgniter.php(320): CodeIgniter\CodeIgniter->handleRequest(NULL, Object(Config\Cache), false)
#11 C:\laragon\www\labs3\public\index.php(44): CodeIgniter\CodeIgniter->run()
#12 {main}
ERROR - 2024-02-08 13:31:09 --> Error connecting to the database: Call to undefined function CodeIgniter\Database\SQLSRV\sqlsrv_configure()
CRITICAL - 2024-02-08 13:31:09 --> Unable to connect to the database.
Main connection [SQLSRV]: Call to undefined function CodeIgniter\Database\SQLSRV\sqlsrv_configure()
#0 C:\laragon\www\labs3\system\Database\BaseConnection.php(577): CodeIgniter\Database\BaseConnection->initialize()
#1 C:\laragon\www\labs3\system\Database\BaseBuilder.php(1588): CodeIgniter\Database\BaseConnection->query('SELECT *\nFROM "...', Array, false)
#2 C:\laragon\www\labs3\app\Models\ExchangeModel.php(19): CodeIgniter\Database\BaseBuilder->getWhere(Array)
#3 C:\laragon\www\labs3\app\Views\Home\classDashboard.php(20): App\Models\ExchangeModel->GetFriendlyName(14)
#4 C:\laragon\www\labs3\system\View\View.php(210): include('C:\\laragon\\www\\...')
#5 C:\laragon\www\labs3\system\View\View.php(213): CodeIgniter\View\View->CodeIgniter\View\{closure}()
#6 C:\laragon\www\labs3\system\Common.php(1089): CodeIgniter\View\View->render('Home/classDashb...', Array, true)
#7 C:\laragon\www\labs3\app\Controllers\Home.php(30): view('Home/classDashb...', Array)
#8 C:\laragon\www\labs3\system\CodeIgniter.php(825): App\Controllers\Home->classDash()
#9 C:\laragon\www\labs3\system\CodeIgniter.php(412): CodeIgniter\CodeIgniter->runController(Object(App\Controllers\Home))
#10 C:\laragon\www\labs3\system\CodeIgniter.php(320): CodeIgniter\CodeIgniter->handleRequest(NULL, Object(Config\Cache), false)
#11 C:\laragon\www\labs3\public\index.php(44): CodeIgniter\CodeIgniter->run()
#12 {main}
